<?xml version="1.0" encoding="UTF-8"?>
<!-- Generated by org.testng.reporters.JUnitReportReporter -->
<testsuite hostname="LP-5CD2125WC0" failures="0" tests="1" name="autoitExample" time="19.493" errors="0" timestamp="2025-08-13T12:40:04 IST" skipped="0">
  <testcase classname="autoitExample" name="autoit" time="19.493"/>
</testsuite> <!-- autoitExample -->
