<?xml version="1.0" encoding="UTF-8"?>
<!-- Generated by org.testng.reporters.JUnitReportReporter -->
<testsuite hostname="LP-5CG04733XL" failures="0" tests="6" name="SwagLabsTestCases.ProductTestCase" time="12.318" errors="0" timestamp="2025-08-23T14:54:20 IST" skipped="0">
  <testcase classname="SwagLabsTestCases.ProductTestCase" name="checkCartIconIfNoProductsAdded" time="0.314"/>
  <testcase classname="SwagLabsTestCases.ProductTestCase" name="checkCartIconIfProductsAdded" time="2.509"/>
  <testcase classname="SwagLabsTestCases.ProductTestCase" name="checkCartIconAfterAddingMultipleProducts" time="4.563"/>
  <testcase classname="SwagLabsTestCases.ProductTestCase" name="validateAllProductPrices" time="1.477"/>
  <testcase classname="SwagLabsTestCases.ProductTestCase" name="printAllProductsWithDetails" time="1.227"/>
  <testcase classname="SwagLabsTestCases.ProductTestCase" name="validateAllFilters" time="2.228"/>
</testsuite> <!-- SwagLabsTestCases.ProductTestCase -->
