<?xml version="1.0" encoding="UTF-8"?>
<!-- Generated by org.testng.reporters.JUnitReportReporter -->
<testsuite hostname="LP-5CG5264K71" failures="0" tests="4" name="SwagLabsTestCases.MyCartTestCase" time="10.788" errors="0" timestamp="2025-09-01T12:08:57 IST" skipped="0">
  <testcase classname="SwagLabsTestCases.MyCartTestCase" name="verifyCartItemCount" time="5.038"/>
  <testcase classname="SwagLabsTestCases.MyCartTestCase" name="verifyCartContents" time="0.288"/>
  <testcase classname="SwagLabsTestCases.MyCartTestCase" name="verifyEmptyCartMessage" time="5.384"/>
  <testcase classname="SwagLabsTestCases.MyCartTestCase" name="checkOutButtonFunction" time="0.078"/>
</testsuite> <!-- SwagLabsTestCases.MyCartTestCase -->
