<?xml version="1.0" encoding="UTF-8"?>
<!-- Generated by org.testng.reporters.JUnitReportReporter -->
<testsuite hostname="LP-5CG5264K71" failures="0" tests="1" name="SwagLabsTestCases.LoginTestCase" time="7.910" errors="0" timestamp="2025-08-25T17:17:09 IST" skipped="0">
  <testcase classname="SwagLabsTestCases.LoginTestCase" name="userLogin" time="7.910"/>
</testsuite> <!-- SwagLabsTestCases.LoginTestCase -->
