<?xml version="1.0" encoding="UTF-8"?>
<!-- Generated by org.testng.reporters.JUnitReportReporter -->
<testsuite hostname="LP-5CG5264K71" failures="0" tests="6" name="SwagLabsTestCases.ProductTestCase" time="2.981" errors="0" timestamp="2025-08-26T11:37:49 IST" skipped="0">
  <testcase classname="SwagLabsTestCases.ProductTestCase" name="checkCartIconIfNoProductsAdded" time="0.037"/>
  <testcase classname="SwagLabsTestCases.ProductTestCase" name="checkCartIconIfProductsAdded" time="0.646"/>
  <testcase classname="SwagLabsTestCases.ProductTestCase" name="checkCartIconAfterAddingMultipleProducts" time="0.834"/>
  <testcase classname="SwagLabsTestCases.ProductTestCase" name="validateAllProductPrices" time="0.309"/>
  <testcase classname="SwagLabsTestCases.ProductTestCase" name="printAllProductsWithDetails" time="0.381"/>
  <testcase classname="SwagLabsTestCases.ProductTestCase" name="validateAllFilters" time="0.774"/>
</testsuite> <!-- SwagLabsTestCases.ProductTestCase -->
