<?xml version="1.0" encoding="UTF-8"?>
<!-- Generated by org.testng.reporters.JUnitReportReporter -->
<testsuite hostname="LP-5CG5264K71" failures="0" tests="6" name="SwagLabsTestCases.ProductTestCase" time="4.421" errors="0" timestamp="2025-08-26T11:53:42 IST" skipped="0">
  <testcase classname="SwagLabsTestCases.ProductTestCase" name="checkCartIconIfNoProductsAdded" time="0.040"/>
  <testcase classname="SwagLabsTestCases.ProductTestCase" name="checkCartIconIfProductsAdded" time="0.703"/>
  <testcase classname="SwagLabsTestCases.ProductTestCase" name="checkCartIconAfterAddingMultipleProducts" time="1.469"/>
  <testcase classname="SwagLabsTestCases.ProductTestCase" name="validateAllProductPrices" time="0.573"/>
  <testcase classname="SwagLabsTestCases.ProductTestCase" name="printAllProductsWithDetails" time="0.654"/>
  <testcase classname="SwagLabsTestCases.ProductTestCase" name="validateAllFilters" time="0.982"/>
</testsuite> <!-- SwagLabsTestCases.ProductTestCase -->
