<?xml version="1.0" encoding="UTF-8"?>
<!-- Generated by org.testng.reporters.JUnitReportReporter -->
<testsuite hostname="LP-5CD2125WC0" failures="0" tests="1" name="autoit" time="20.139" errors="0" timestamp="2025-08-13T12:57:13 IST" skipped="0">
  <testcase classname="autoit" name="auto" time="20.139"/>
</testsuite> <!-- autoit -->
