<?xml version="1.0" encoding="UTF-8"?>
<!-- Generated by org.testng.reporters.JUnitReportReporter -->
<testsuite hostname="LP-5CG5264K71" failures="0" tests="6" name="SwagLabsTestCases.ProductTestCase" time="3.119" errors="0" timestamp="2025-09-01T12:08:57 IST" skipped="0">
  <testcase classname="SwagLabsTestCases.ProductTestCase" name="checkCartIconIfNoProductsAdded" time="0.025"/>
  <testcase classname="SwagLabsTestCases.ProductTestCase" name="checkCartIconIfProductsAdded" time="0.592"/>
  <testcase classname="SwagLabsTestCases.ProductTestCase" name="checkCartIconAfterAddingMultipleProducts" time="1.024"/>
  <testcase classname="SwagLabsTestCases.ProductTestCase" name="validateAllProductPrices" time="0.337"/>
  <testcase classname="SwagLabsTestCases.ProductTestCase" name="printAllProductsWithDetails" time="0.371"/>
  <testcase classname="SwagLabsTestCases.ProductTestCase" name="validateAllFilters" time="0.770"/>
</testsuite> <!-- SwagLabsTestCases.ProductTestCase -->
