<?xml version="1.0" encoding="UTF-8"?>
<!-- Generated by org.testng.reporters.JUnitReportReporter -->
<testsuite hostname="LP-5CG5264K71" failures="0" tests="3" name="SwagLabsTestCases.ConfirmationPageTestCase" time="0.513" errors="0" timestamp="2025-09-01T12:08:57 IST" skipped="0">
  <testcase classname="SwagLabsTestCases.ConfirmationPageTestCase" name="ThankYouPagescreenshot" time="0.165"/>
  <testcase classname="SwagLabsTestCases.ConfirmationPageTestCase" name="validateThankYouPage" time="0.101"/>
  <testcase classname="SwagLabsTestCases.ConfirmationPageTestCase" name="validateLogout" time="0.247"/>
</testsuite> <!-- SwagLabsTestCases.ConfirmationPageTestCase -->
