<?xml version="1.0" encoding="UTF-8"?>
<!-- Generated by org.testng.reporters.JUnitReportReporter -->
<testsuite hostname="LP-5CG04733XL" failures="0" tests="1" name="SwagLabsTestCases.LoginTestCase" time="15.518" errors="0" timestamp="2025-08-23T14:54:20 IST" skipped="0">
  <testcase classname="SwagLabsTestCases.LoginTestCase" name="userLogin" time="15.518"/>
</testsuite> <!-- SwagLabsTestCases.LoginTestCase -->
