<?xml version="1.0" encoding="UTF-8"?>
<!-- Generated by org.testng.reporters.JUnitReportReporter -->
<testsuite hostname="LP-5CG5264K71" failures="0" tests="4" name="SwagLabsTestCases.MyCartTestCase" time="10.877" errors="0" timestamp="2025-08-25T17:17:09 IST" skipped="0">
  <testcase classname="SwagLabsTestCases.MyCartTestCase" name="verifyCartItemCount" time="5.039"/>
  <testcase classname="SwagLabsTestCases.MyCartTestCase" name="verifyCartContents" time="0.334"/>
  <testcase classname="SwagLabsTestCases.MyCartTestCase" name="verifyEmptyCartMessage" time="5.405"/>
  <testcase classname="SwagLabsTestCases.MyCartTestCase" name="checkOutButtonFunction" time="0.099"/>
</testsuite> <!-- SwagLabsTestCases.MyCartTestCase -->
