<?xml version="1.0" encoding="UTF-8"?>
<!-- Generated by org.testng.reporters.JUnitReportReporter -->
<testsuite hostname="LP-5CG5264K71" failures="0" tests="2" name="SwagLabsTestCases.ConfirmationPageTestCase" time="0.219" errors="0" timestamp="2025-08-25T17:17:09 IST" skipped="0">
  <testcase classname="SwagLabsTestCases.ConfirmationPageTestCase" name="ThankYouPagescreenshot" time="0.129"/>
  <testcase classname="SwagLabsTestCases.ConfirmationPageTestCase" name="validateThankYouPage" time="0.090"/>
</testsuite> <!-- SwagLabsTestCases.ConfirmationPageTestCase -->
