<?xml version="1.0" encoding="UTF-8"?>
<!-- Generated by org.testng.reporters.JUnitReportReporter -->
<testsuite hostname="LP-5CD2125WC0" failures="0" tests="6" name="Swag_Labs" time="9.550" errors="0" timestamp="2025-08-12T09:42:18 IST" skipped="0">
  <testcase classname="Swag_Labs" name="logout" time="0.447"/>
  <testcase classname="Swag_Labs" name="inventoryPage" time="7.018"/>
  <testcase classname="Swag_Labs" name="login" time="0.609"/>
  <testcase classname="Swag_Labs" name="navHome" time="0.191"/>
  <testcase classname="Swag_Labs" name="checkoutOverview" time="0.217"/>
  <testcase classname="Swag_Labs" name="checkout" time="1.068"/>
</testsuite> <!-- Swag_Labs -->
