<?xml version="1.0" encoding="UTF-8"?>
<!-- Generated by org.testng.reporters.JUnitReportReporter -->
<testsuite hostname="LP-5CG04176FK" failures="0" tests="10" name="Testcases.CartPage" time="5.863" errors="0" timestamp="2025-08-23T22:04:50 IST" skipped="0">
  <testcase classname="Testcases.CartPage" name="addProductToCart" time="0.434"/>
  <testcase classname="Testcases.CartPage" name="checkCartPageOpened" time="0.264"/>
  <testcase classname="Testcases.CartPage" name="verifyCartIconCount" time="0.306"/>
  <testcase classname="Testcases.CartPage" name="verifyCartItems" time="0.270"/>
  <testcase classname="Testcases.CartPage" name="verifyProductPricesInCart" time="1.856"/>
  <testcase classname="Testcases.CartPage" name="verifyProductDescription" time="0.268"/>
  <testcase classname="Testcases.CartPage" name="verifyRemoveButtonForBackpack" time="0.243"/>
  <testcase classname="Testcases.CartPage" name="verifyCheckout" time="0.285"/>
  <testcase classname="Testcases.CartPage" name="verifyContinueShopping" time="0.963"/>
  <testcase classname="Testcases.CartPage" name="removeAllProducts" time="0.974"/>
</testsuite> <!-- Testcases.CartPage -->
