<?xml version="1.0" encoding="UTF-8"?>
<!-- Generated by org.testng.reporters.JUnitReportReporter -->
<testsuite hostname="LP-5CG04733XL" failures="0" tests="1" name="SwagLabsTestCases.LoginTestCase" time="15.647" errors="0" timestamp="2025-08-21T00:31:23 IST" skipped="0">
  <testcase classname="SwagLabsTestCases.LoginTestCase" name="userLogin" time="15.647"/>
</testsuite> <!-- SwagLabsTestCases.LoginTestCase -->
