<?xml version="1.0" encoding="UTF-8"?>
<!-- Generated by org.testng.reporters.JUnitReportReporter -->
<testsuite hostname="LP-5CG5264K71" failures="0" tests="6" name="SwagLabsTestCases.ProductTestCase" time="6.117" errors="0" timestamp="2025-08-25T13:33:33 IST" skipped="0">
  <testcase classname="SwagLabsTestCases.ProductTestCase" name="checkCartIconIfNoProductsAdded" time="0.028"/>
  <testcase classname="SwagLabsTestCases.ProductTestCase" name="checkCartIconIfProductsAdded" time="1.513"/>
  <testcase classname="SwagLabsTestCases.ProductTestCase" name="checkCartIconAfterAddingMultipleProducts" time="2.963"/>
  <testcase classname="SwagLabsTestCases.ProductTestCase" name="validateAllProductPrices" time="0.361"/>
  <testcase classname="SwagLabsTestCases.ProductTestCase" name="printAllProductsWithDetails" time="0.416"/>
  <testcase classname="SwagLabsTestCases.ProductTestCase" name="validateAllFilters" time="0.836"/>
</testsuite> <!-- SwagLabsTestCases.ProductTestCase -->
