<?xml version="1.0" encoding="UTF-8"?>
<!-- Generated by org.testng.reporters.JUnitReportReporter -->
<testsuite hostname="LP-5CD2125WC0" failures="0" tests="2" name="com.hclTech.login.Testcases" time="6.777" errors="0" timestamp="2025-07-30T10:19:26 IST" skipped="0">
  <testcase classname="com.hclTech.login.Testcases" name="signIn" time="0.010"/>
  <testcase classname="com.hclTech.login.Testcases" name="chromebrowser" time="6.767"/>
</testsuite> <!-- com.hclTech.login.Testcases -->
