<?xml version="1.0" encoding="UTF-8"?>
<!-- Generated by org.testng.reporters.JUnitReportReporter -->
<testsuite hostname="LP-5CG04733XL" failures="0" tests="3" name="SwagLabsTestCases.ConfirmationPageTestCase" time="1.490" errors="0" timestamp="2025-08-23T14:54:20 IST" skipped="0">
  <testcase classname="SwagLabsTestCases.ConfirmationPageTestCase" name="ThankYouPagescreenshot" time="0.320"/>
  <testcase classname="SwagLabsTestCases.ConfirmationPageTestCase" name="validateThankYouPage" time="0.311"/>
  <testcase classname="SwagLabsTestCases.ConfirmationPageTestCase" name="validateLogout" time="0.859"/>
</testsuite> <!-- SwagLabsTestCases.ConfirmationPageTestCase -->
