<?xml version="1.0" encoding="UTF-8"?>
<!-- Generated by org.testng.reporters.JUnitReportReporter -->
<testsuite hostname="LP-5CG5264K71" failures="0" tests="1" name="SwagLabsTestCases.CheckOutOneTestCase" time="8.233" errors="0" timestamp="2025-09-01T12:08:57 IST" skipped="0">
  <testcase classname="SwagLabsTestCases.CheckOutOneTestCase" name="CheckOut1Functions" time="8.233"/>
</testsuite> <!-- SwagLabsTestCases.CheckOutOneTestCase -->
