<?xml version="1.0" encoding="UTF-8"?>
<!-- Generated by org.testng.reporters.JUnitReportReporter -->
<testsuite hostname="LP-5CG5264K71" failures="0" tests="1" name="SwagLabsTestCases.CheckOut1TestCase" time="8.434" errors="0" timestamp="2025-08-26T10:12:49 IST" skipped="0">
  <testcase classname="SwagLabsTestCases.CheckOut1TestCase" name="CheckOut1Functions" time="8.434"/>
</testsuite> <!-- SwagLabsTestCases.CheckOut1TestCase -->
