<?xml version="1.0" encoding="UTF-8"?>
<!-- Generated by org.testng.reporters.JUnitReportReporter -->
<testsuite hostname="LP-5CD2125WC0" failures="0" tests="1" name="com.hclTech.login.TestPara" time="0.917" errors="0" timestamp="2025-07-30T12:08:55 IST" skipped="0">
  <testcase classname="com.hclTech.login.TestPara" name="loginTest" time="0.917"/>
</testsuite> <!-- com.hclTech.login.TestPara -->
