<?xml version="1.0" encoding="UTF-8"?>
<!-- Generated by org.testng.reporters.JUnitReportReporter -->
<testsuite hostname="LP-5CG04733XL" failures="0" tests="1" name="SwagLabsTestCases.ProductTestCase" time="8.656" errors="0" timestamp="2025-08-11T16:54:09 IST" skipped="0">
  <testcase classname="SwagLabsTestCases.ProductTestCase" name="clickCartIcon" time="8.656"/>
</testsuite> <!-- SwagLabsTestCases.ProductTestCase -->
