<?xml version="1.0" encoding="UTF-8"?>
<!-- Generated by org.testng.reporters.JUnitReportReporter -->
<testsuite hostname="LP-5CD2125WC0" failures="0" tests="2" name="com.hclTech.login.WebCases" time="26.694" errors="0" timestamp="2025-07-29T17:59:20 IST" skipped="0">
  <testcase classname="com.hclTech.login.WebCases" name="sendUsername" time="13.400"/>
  <testcase classname="com.hclTech.login.WebCases" name="sendPassword" time="13.294"/>
</testsuite> <!-- com.hclTech.login.WebCases -->
