<?xml version="1.0" encoding="UTF-8"?>
<!-- Generated by org.testng.reporters.JUnitReportReporter -->
<testsuite hostname="LP-5CD2125WC0" failures="0" tests="1" name="com.hclTech.login.Testng" time="0.025" errors="0" timestamp="2025-07-30T21:46:37 IST" skipped="0">
  <testcase classname="com.hclTech.login.Testng" name="testExample" time="0.025"/>
</testsuite> <!-- com.hclTech.login.Testng -->
