<?xml version="1.0" encoding="UTF-8"?>
<!-- Generated by org.testng.reporters.JUnitReportReporter -->
<testsuite hostname="LP-5CD2125WC0" failures="0" tests="2" name="com.hclTech.login.Testcasereport" time="15.930" errors="0" timestamp="2025-07-31T16:40:18 IST" skipped="0">
  <testcase classname="com.hclTech.login.Testcasereport" name="testCase2" time="9.603"/>
  <testcase classname="com.hclTech.login.Testcasereport" name="testCase1" time="6.327"/>
</testsuite> <!-- com.hclTech.login.Testcasereport -->
