<?xml version="1.0" encoding="UTF-8"?>
<!-- Generated by org.testng.reporters.JUnitReportReporter -->
<testsuite hostname="LP-5CG5264K71" failures="0" tests="6" name="SwagLabsTestCases.CheckOutTwoTestCase" time="0.559" errors="0" timestamp="2025-08-25T13:33:33 IST" skipped="0">
  <testcase classname="SwagLabsTestCases.CheckOutTwoTestCase" name="verifyPageLoad" time="0.015"/>
  <testcase classname="SwagLabsTestCases.CheckOutTwoTestCase" name="validateCheckoutSummary" time="0.168"/>
  <testcase classname="SwagLabsTestCases.CheckOutTwoTestCase" name="validateTotalPriceCalculationWithTax" time="0.068"/>
  <testcase classname="SwagLabsTestCases.CheckOutTwoTestCase" name="clickFinishButton" time="0.113"/>
  <testcase classname="SwagLabsTestCases.CheckOutTwoTestCase" name="testCancelButtonFunctionality" time="0.145"/>
  <testcase classname="SwagLabsTestCases.CheckOutTwoTestCase" name="validatePaymentAndShippingInfo" time="0.050"/>
</testsuite> <!-- SwagLabsTestCases.CheckOutTwoTestCase -->
