<?xml version="1.0" encoding="UTF-8"?>
<!-- Generated by org.testng.reporters.JUnitReportReporter -->
<testsuite hostname="LP-5CG04733XL" failures="0" tests="1" name="SwagLabsTestCases.MyCartTestCase" time="8.680" errors="0" timestamp="2025-08-11T16:54:09 IST" skipped="0">
  <testcase classname="SwagLabsTestCases.MyCartTestCase" name="myCartFunction" time="8.680"/>
</testsuite> <!-- SwagLabsTestCases.MyCartTestCase -->
