<?xml version="1.0" encoding="UTF-8"?>
<!-- Generated by org.testng.reporters.JUnitReportReporter -->
<testsuite hostname="LP-5CG5264K71" failures="0" tests="3" name="SwagLabsTestCases.ConfirmationPageTestCase" time="0.496" errors="0" timestamp="2025-08-26T11:53:42 IST" skipped="0">
  <testcase classname="SwagLabsTestCases.ConfirmationPageTestCase" name="ThankYouPagescreenshot" time="0.176"/>
  <testcase classname="SwagLabsTestCases.ConfirmationPageTestCase" name="validateThankYouPage" time="0.074"/>
  <testcase classname="SwagLabsTestCases.ConfirmationPageTestCase" name="validateLogout" time="0.246"/>
</testsuite> <!-- SwagLabsTestCases.ConfirmationPageTestCase -->
