<?xml version="1.0" encoding="UTF-8"?>
<!-- Generated by org.testng.reporters.JUnitReportReporter -->
<testsuite hostname="LP-5CG5264K71" failures="0" tests="6" name="SwagLabsTestCases.CheckOut2TestCase" time="0.521" errors="0" timestamp="2025-08-26T10:18:04 IST" skipped="0">
  <testcase classname="SwagLabsTestCases.CheckOut2TestCase" name="verifyPageLoad" time="0.024"/>
  <testcase classname="SwagLabsTestCases.CheckOut2TestCase" name="validateCheckoutSummary" time="0.188"/>
  <testcase classname="SwagLabsTestCases.CheckOut2TestCase" name="validateTotalPriceCalculationWithTax" time="0.062"/>
  <testcase classname="SwagLabsTestCases.CheckOut2TestCase" name="clickFinishButton" time="0.096"/>
  <testcase classname="SwagLabsTestCases.CheckOut2TestCase" name="testCancelButtonFunctionality" time="0.113"/>
  <testcase classname="SwagLabsTestCases.CheckOut2TestCase" name="validatePaymentAndShippingInfo" time="0.038"/>
</testsuite> <!-- SwagLabsTestCases.CheckOut2TestCase -->
