<?xml version="1.0" encoding="UTF-8"?>
<!-- Generated by org.testng.reporters.JUnitReportReporter -->
<testsuite hostname="LP-5CG04176FK" failures="0" tests="2" name="Testcases.loginTest" time="1.468" errors="0" timestamp="2025-08-11T17:58:28 IST" skipped="0">
  <testcase classname="Testcases.loginTest" name="testLogin" time="1.170"/>
  <testcase classname="Testcases.loginTest" name="verifycartItems" time="0.298"/>
</testsuite> <!-- Testcases.loginTest -->
