<?xml version="1.0" encoding="UTF-8"?>
<!-- Generated by org.testng.reporters.JUnitReportReporter -->
<testsuite hostname="LP-5CG5264K71" failures="0" tests="1" name="SwagLabsTestCases.LoginTestCase" time="8.621" errors="0" timestamp="2025-08-25T13:33:33 IST" skipped="0">
  <testcase classname="SwagLabsTestCases.LoginTestCase" name="userLogin" time="8.621"/>
</testsuite> <!-- SwagLabsTestCases.LoginTestCase -->
