<?xml version="1.0" encoding="UTF-8"?>
<!-- Generated by org.testng.reporters.JUnitReportReporter -->
<testsuite hostname="LP-5CG5264K71" failures="0" tests="6" name="SwagLabsTestCases.ProductTestCase" time="3.005" errors="0" timestamp="2025-08-25T17:17:09 IST" skipped="0">
  <testcase classname="SwagLabsTestCases.ProductTestCase" name="checkCartIconIfNoProductsAdded" time="0.067"/>
  <testcase classname="SwagLabsTestCases.ProductTestCase" name="checkCartIconIfProductsAdded" time="0.742"/>
  <testcase classname="SwagLabsTestCases.ProductTestCase" name="checkCartIconAfterAddingMultipleProducts" time="0.895"/>
  <testcase classname="SwagLabsTestCases.ProductTestCase" name="validateAllProductPrices" time="0.293"/>
  <testcase classname="SwagLabsTestCases.ProductTestCase" name="printAllProductsWithDetails" time="0.343"/>
  <testcase classname="SwagLabsTestCases.ProductTestCase" name="validateAllFilters" time="0.665"/>
</testsuite> <!-- SwagLabsTestCases.ProductTestCase -->
