<?xml version="1.0" encoding="UTF-8"?>
<!-- Generated by org.testng.reporters.JUnitReportReporter -->
<testsuite hostname="LP-5CG04733XL" failures="0" tests="3" name="SwagLabsTestCases.CheckOut1TestCase" time="27.269" errors="0" timestamp="2025-08-12T17:00:53 IST" skipped="0">
  <testcase classname="SwagLabsTestCases.CheckOut1TestCase" name="uptoMyCart" time="1.723"/>
  <testcase classname="SwagLabsTestCases.CheckOut1TestCase" name="CheckOut1Functions" time="24.797"/>
  <testcase classname="SwagLabsTestCases.CheckOut1TestCase" name="testCancelButtonFunctionality" time="0.749"/>
</testsuite> <!-- SwagLabsTestCases.CheckOut1TestCase -->
