<?xml version="1.0" encoding="UTF-8"?>
<!-- Generated by org.testng.reporters.JUnitReportReporter -->
<testsuite hostname="LP-5CG5264K71" failures="0" tests="2" name="SwagLabsTestCases.CheckOut1TestCase" time="8.514" errors="0" timestamp="2025-08-25T13:33:33 IST" skipped="0">
  <testcase classname="SwagLabsTestCases.CheckOut1TestCase" name="uptoMyCart" time="0.567"/>
  <testcase classname="SwagLabsTestCases.CheckOut1TestCase" name="CheckOut1Functions" time="7.947"/>
</testsuite> <!-- SwagLabsTestCases.CheckOut1TestCase -->
