<?xml version="1.0" encoding="UTF-8"?>
<!-- Generated by org.testng.reporters.JUnitReportReporter -->
<testsuite hostname="LP-5CG04733XL" failures="0" tests="6" name="SwagLabsTestCases.ProductTestCase" time="12.205" errors="0" timestamp="2025-08-23T09:56:01 IST" skipped="0">
  <testcase classname="SwagLabsTestCases.ProductTestCase" name="checkCartIconIfNoProductsAdded" time="0.169"/>
  <testcase classname="SwagLabsTestCases.ProductTestCase" name="checkCartIconIfProductsAdded" time="2.698"/>
  <testcase classname="SwagLabsTestCases.ProductTestCase" name="checkCartIconAfterAddingMultipleProducts" time="4.728"/>
  <testcase classname="SwagLabsTestCases.ProductTestCase" name="validateAllProductPrices" time="1.187"/>
  <testcase classname="SwagLabsTestCases.ProductTestCase" name="printAllProductsWithDetails" time="1.326"/>
  <testcase classname="SwagLabsTestCases.ProductTestCase" name="validateAllFilters" time="2.097"/>
</testsuite> <!-- SwagLabsTestCases.ProductTestCase -->
